app/build/intermediates/manifest_merge_blame_file/debug/manifest-merger-blame-debug-report.txt
1<?xml version="1.0" encoding="utf-8"?>
2<manifest xmlns:android="http://schemas.android.com/apk/res/android"
3    package="com.stockmarket.app"
4    android:versionCode="1"
5    android:versionName="1.0" >
6
7    <uses-sdk
8        android:minSdkVersion="26"
9        android:targetSdkVersion="34" />
10
11    <!-- Permissions -->
12    <uses-permission android:name="android.permission.INTERNET" />
12-->src/main/AndroidManifest.xml:5:5-67
12-->src/main/AndroidManifest.xml:5:22-64
13    <uses-permission android:name="android.permission.ACCESS_NETWORK_STATE" />
13-->src/main/AndroidManifest.xml:6:5-79
13-->src/main/AndroidManifest.xml:6:22-76
14    <uses-permission android:name="android.permission.RECEIVE_BOOT_COMPLETED" />
14-->src/main/AndroidManifest.xml:7:5-81
14-->src/main/AndroidManifest.xml:7:22-78
15    <uses-permission android:name="android.permission.FOREGROUND_SERVICE" />
15-->src/main/AndroidManifest.xml:8:5-77
15-->src/main/AndroidManifest.xml:8:22-74
16    <uses-permission android:name="android.permission.FOREGROUND_SERVICE_DATA_SYNC" />
16-->src/main/AndroidManifest.xml:9:5-87
16-->src/main/AndroidManifest.xml:9:22-84
17    <uses-permission android:name="android.permission.POST_NOTIFICATIONS" />
17-->src/main/AndroidManifest.xml:10:5-77
17-->src/main/AndroidManifest.xml:10:22-74
18    <uses-permission android:name="android.permission.VIBRATE" />
18-->src/main/AndroidManifest.xml:11:5-66
18-->src/main/AndroidManifest.xml:11:22-63
19    <uses-permission android:name="android.permission.WAKE_LOCK" />
19-->src/main/AndroidManifest.xml:12:5-68
19-->src/main/AndroidManifest.xml:12:22-65
20    <uses-permission android:name="android.permission.REQUEST_IGNORE_BATTERY_OPTIMIZATIONS" />
20-->src/main/AndroidManifest.xml:13:5-95
20-->src/main/AndroidManifest.xml:13:22-92
21    <uses-permission android:name="android.permission.SCHEDULE_EXACT_ALARM" />
21-->src/main/AndroidManifest.xml:14:5-79
21-->src/main/AndroidManifest.xml:14:22-76
22
23    <permission
23-->[androidx.core:core:1.12.0] AndroidManifest.xml:22:5-24:47
24        android:name="com.stockmarket.app.DYNAMIC_RECEIVER_NOT_EXPORTED_PERMISSION"
24-->[androidx.core:core:1.12.0] AndroidManifest.xml:23:9-81
25        android:protectionLevel="signature" />
25-->[androidx.core:core:1.12.0] AndroidManifest.xml:24:9-44
26
27    <uses-permission android:name="com.stockmarket.app.DYNAMIC_RECEIVER_NOT_EXPORTED_PERMISSION" />
27-->[androidx.core:core:1.12.0] AndroidManifest.xml:26:5-97
27-->[androidx.core:core:1.12.0] AndroidManifest.xml:26:22-94
28
29    <application
29-->src/main/AndroidManifest.xml:16:5-88:19
30        android:allowBackup="true"
30-->src/main/AndroidManifest.xml:17:9-35
31        android:appComponentFactory="androidx.core.app.CoreComponentFactory"
31-->[androidx.core:core:1.12.0] AndroidManifest.xml:28:18-86
32        android:debuggable="true"
33        android:extractNativeLibs="false"
34        android:icon="@mipmap/ic_launcher"
34-->src/main/AndroidManifest.xml:18:9-43
35        android:label="@string/app_name"
35-->src/main/AndroidManifest.xml:19:9-41
36        android:roundIcon="@mipmap/ic_launcher_round"
36-->src/main/AndroidManifest.xml:20:9-54
37        android:supportsRtl="true"
37-->src/main/AndroidManifest.xml:21:9-35
38        android:theme="@style/Theme.StockMarket"
38-->src/main/AndroidManifest.xml:22:9-49
39        android:usesCleartextTraffic="true" >
39-->src/main/AndroidManifest.xml:23:9-44
40
41        <!-- Main Activity -->
42        <activity
42-->src/main/AndroidManifest.xml:26:9-34:20
43            android:name="com.stockmarket.app.ui.activities.MainActivity"
43-->src/main/AndroidManifest.xml:27:13-55
44            android:exported="true"
44-->src/main/AndroidManifest.xml:28:13-36
45            android:windowSoftInputMode="adjustResize" >
45-->src/main/AndroidManifest.xml:29:13-55
46            <intent-filter>
46-->src/main/AndroidManifest.xml:30:13-33:29
47                <action android:name="android.intent.action.MAIN" />
47-->src/main/AndroidManifest.xml:31:17-69
47-->src/main/AndroidManifest.xml:31:25-66
48
49                <category android:name="android.intent.category.LAUNCHER" />
49-->src/main/AndroidManifest.xml:32:17-77
49-->src/main/AndroidManifest.xml:32:27-74
50            </intent-filter>
51        </activity>
52
53        <!-- Stock Detail Activity -->
54        <activity
54-->src/main/AndroidManifest.xml:37:9-40:72
55            android:name="com.stockmarket.app.ui.activities.StockDetailActivity"
55-->src/main/AndroidManifest.xml:38:13-62
56            android:exported="false"
56-->src/main/AndroidManifest.xml:39:13-37
57            android:parentActivityName="com.stockmarket.app.ui.activities.MainActivity" />
57-->src/main/AndroidManifest.xml:40:13-69
58
59        <!-- Portfolio Activity -->
60        <activity
60-->src/main/AndroidManifest.xml:43:9-46:72
61            android:name="com.stockmarket.app.ui.activities.PortfolioActivity"
61-->src/main/AndroidManifest.xml:44:13-60
62            android:exported="false"
62-->src/main/AndroidManifest.xml:45:13-37
63            android:parentActivityName="com.stockmarket.app.ui.activities.MainActivity" />
63-->src/main/AndroidManifest.xml:46:13-69
64
65        <!-- Watchlist Activity -->
66        <activity
66-->src/main/AndroidManifest.xml:49:9-52:72
67            android:name="com.stockmarket.app.ui.activities.WatchlistActivity"
67-->src/main/AndroidManifest.xml:50:13-60
68            android:exported="false"
68-->src/main/AndroidManifest.xml:51:13-37
69            android:parentActivityName="com.stockmarket.app.ui.activities.MainActivity" />
69-->src/main/AndroidManifest.xml:52:13-69
70
71        <!-- Settings Activity -->
72        <activity
72-->src/main/AndroidManifest.xml:55:9-58:72
73            android:name="com.stockmarket.app.ui.activities.SettingsActivity"
73-->src/main/AndroidManifest.xml:56:13-59
74            android:exported="false"
74-->src/main/AndroidManifest.xml:57:13-37
75            android:parentActivityName="com.stockmarket.app.ui.activities.MainActivity" />
75-->src/main/AndroidManifest.xml:58:13-69
76
77        <!-- Background Foreground Service -->
78        <service
78-->src/main/AndroidManifest.xml:61:9-64:56
79            android:name="com.stockmarket.app.services.StockMonitorService"
79-->src/main/AndroidManifest.xml:62:13-57
80            android:exported="false"
80-->src/main/AndroidManifest.xml:63:13-37
81            android:foregroundServiceType="dataSync" />
81-->src/main/AndroidManifest.xml:64:13-53
82
83        <!-- Boot Receiver to restart service after device reboot -->
84        <receiver
84-->src/main/AndroidManifest.xml:67:9-76:20
85            android:name="com.stockmarket.app.receivers.BootReceiver"
85-->src/main/AndroidManifest.xml:68:13-51
86            android:enabled="true"
86-->src/main/AndroidManifest.xml:70:13-35
87            android:exported="true" >
87-->src/main/AndroidManifest.xml:69:13-36
88            <intent-filter android:priority="999" >
88-->src/main/AndroidManifest.xml:71:13-75:29
88-->src/main/AndroidManifest.xml:71:28-50
89                <action android:name="android.intent.action.BOOT_COMPLETED" />
89-->src/main/AndroidManifest.xml:72:17-79
89-->src/main/AndroidManifest.xml:72:25-76
90                <action android:name="android.intent.action.QUICKBOOT_POWERON" />
90-->src/main/AndroidManifest.xml:73:17-82
90-->src/main/AndroidManifest.xml:73:25-79
91                <action android:name="com.htc.intent.action.QUICKBOOT_POWERON" />
91-->src/main/AndroidManifest.xml:74:17-82
91-->src/main/AndroidManifest.xml:74:25-79
92            </intent-filter>
93        </receiver>
94
95        <!-- Alarm Receiver -->
96        <receiver
96-->src/main/AndroidManifest.xml:79:9-81:40
97            android:name="com.stockmarket.app.receivers.AlarmReceiver"
97-->src/main/AndroidManifest.xml:80:13-52
98            android:exported="false" />
98-->src/main/AndroidManifest.xml:81:13-37
99
100        <!-- Notification Channel -->
101        <meta-data
101-->src/main/AndroidManifest.xml:84:9-86:44
102            android:name="com.google.firebase.messaging.default_notification_channel_id"
102-->src/main/AndroidManifest.xml:85:13-89
103            android:value="stock_alerts" />
103-->src/main/AndroidManifest.xml:86:13-41
104
105        <provider
105-->[androidx.emoji2:emoji2:1.2.0] AndroidManifest.xml:24:9-32:20
106            android:name="androidx.startup.InitializationProvider"
106-->[androidx.emoji2:emoji2:1.2.0] AndroidManifest.xml:25:13-67
107            android:authorities="com.stockmarket.app.androidx-startup"
107-->[androidx.emoji2:emoji2:1.2.0] AndroidManifest.xml:26:13-68
108            android:exported="false" >
108-->[androidx.emoji2:emoji2:1.2.0] AndroidManifest.xml:27:13-37
109            <meta-data
109-->[androidx.emoji2:emoji2:1.2.0] AndroidManifest.xml:29:13-31:52
110                android:name="androidx.emoji2.text.EmojiCompatInitializer"
110-->[androidx.emoji2:emoji2:1.2.0] AndroidManifest.xml:30:17-75
111                android:value="androidx.startup" />
111-->[androidx.emoji2:emoji2:1.2.0] AndroidManifest.xml:31:17-49
112            <meta-data
112-->[androidx.work:work-runtime:2.9.0] AndroidManifest.xml:34:13-36:52
113                android:name="androidx.work.WorkManagerInitializer"
113-->[androidx.work:work-runtime:2.9.0] AndroidManifest.xml:35:17-68
114                android:value="androidx.startup" />
114-->[androidx.work:work-runtime:2.9.0] AndroidManifest.xml:36:17-49
115            <meta-data
115-->[androidx.lifecycle:lifecycle-process:2.7.0] AndroidManifest.xml:29:13-31:52
116                android:name="androidx.lifecycle.ProcessLifecycleInitializer"
116-->[androidx.lifecycle:lifecycle-process:2.7.0] AndroidManifest.xml:30:17-78
117                android:value="androidx.startup" />
117-->[androidx.lifecycle:lifecycle-process:2.7.0] AndroidManifest.xml:31:17-49
118            <meta-data
118-->[androidx.profileinstaller:profileinstaller:1.3.0] AndroidManifest.xml:29:13-31:52
119                android:name="androidx.profileinstaller.ProfileInstallerInitializer"
119-->[androidx.profileinstaller:profileinstaller:1.3.0] AndroidManifest.xml:30:17-85
120                android:value="androidx.startup" />
120-->[androidx.profileinstaller:profileinstaller:1.3.0] AndroidManifest.xml:31:17-49
121        </provider>
122
123        <service
123-->[androidx.work:work-runtime:2.9.0] AndroidManifest.xml:39:9-45:35
124            android:name="androidx.work.impl.background.systemalarm.SystemAlarmService"
124-->[androidx.work:work-runtime:2.9.0] AndroidManifest.xml:40:13-88
125            android:directBootAware="false"
125-->[androidx.work:work-runtime:2.9.0] AndroidManifest.xml:41:13-44
126            android:enabled="@bool/enable_system_alarm_service_default"
126-->[androidx.work:work-runtime:2.9.0] AndroidManifest.xml:42:13-72
127            android:exported="false" />
127-->[androidx.work:work-runtime:2.9.0] AndroidManifest.xml:43:13-37
128        <service
128-->[androidx.work:work-runtime:2.9.0] AndroidManifest.xml:46:9-52:35
129            android:name="androidx.work.impl.background.systemjob.SystemJobService"
129-->[androidx.work:work-runtime:2.9.0] AndroidManifest.xml:47:13-84
130            android:directBootAware="false"
130-->[androidx.work:work-runtime:2.9.0] AndroidManifest.xml:48:13-44
131            android:enabled="@bool/enable_system_job_service_default"
131-->[androidx.work:work-runtime:2.9.0] AndroidManifest.xml:49:13-70
132            android:exported="true"
132-->[androidx.work:work-runtime:2.9.0] AndroidManifest.xml:50:13-36
133            android:permission="android.permission.BIND_JOB_SERVICE" />
133-->[androidx.work:work-runtime:2.9.0] AndroidManifest.xml:51:13-69
134        <service
134-->[androidx.work:work-runtime:2.9.0] AndroidManifest.xml:53:9-59:35
135            android:name="androidx.work.impl.foreground.SystemForegroundService"
135-->[androidx.work:work-runtime:2.9.0] AndroidManifest.xml:54:13-81
136            android:directBootAware="false"
136-->[androidx.work:work-runtime:2.9.0] AndroidManifest.xml:55:13-44
137            android:enabled="@bool/enable_system_foreground_service_default"
137-->[androidx.work:work-runtime:2.9.0] AndroidManifest.xml:56:13-77
138            android:exported="false" />
138-->[androidx.work:work-runtime:2.9.0] AndroidManifest.xml:57:13-37
139
140        <receiver
140-->[androidx.work:work-runtime:2.9.0] AndroidManifest.xml:61:9-66:35
141            android:name="androidx.work.impl.utils.ForceStopRunnable$BroadcastReceiver"
141-->[androidx.work:work-runtime:2.9.0] AndroidManifest.xml:62:13-88
142            android:directBootAware="false"
142-->[androidx.work:work-runtime:2.9.0] AndroidManifest.xml:63:13-44
143            android:enabled="true"
143-->[androidx.work:work-runtime:2.9.0] AndroidManifest.xml:64:13-35
144            android:exported="false" />
144-->[androidx.work:work-runtime:2.9.0] AndroidManifest.xml:65:13-37
145        <receiver
145-->[androidx.work:work-runtime:2.9.0] AndroidManifest.xml:67:9-77:20
146            android:name="androidx.work.impl.background.systemalarm.ConstraintProxy$BatteryChargingProxy"
146-->[androidx.work:work-runtime:2.9.0] AndroidManifest.xml:68:13-106
147            android:directBootAware="false"
147-->[androidx.work:work-runtime:2.9.0] AndroidManifest.xml:69:13-44
148            android:enabled="false"
148-->[androidx.work:work-runtime:2.9.0] AndroidManifest.xml:70:13-36
149            android:exported="false" >
149-->[androidx.work:work-runtime:2.9.0] AndroidManifest.xml:71:13-37
150            <intent-filter>
150-->[androidx.work:work-runtime:2.9.0] AndroidManifest.xml:73:13-76:29
151                <action android:name="android.intent.action.ACTION_POWER_CONNECTED" />
151-->[androidx.work:work-runtime:2.9.0] AndroidManifest.xml:74:17-87
151-->[androidx.work:work-runtime:2.9.0] AndroidManifest.xml:74:25-84
152                <action android:name="android.intent.action.ACTION_POWER_DISCONNECTED" />
152-->[androidx.work:work-runtime:2.9.0] AndroidManifest.xml:75:17-90
152-->[androidx.work:work-runtime:2.9.0] AndroidManifest.xml:75:25-87
153            </intent-filter>
154        </receiver>
155        <receiver
155-->[androidx.work:work-runtime:2.9.0] AndroidManifest.xml:78:9-88:20
156            android:name="androidx.work.impl.background.systemalarm.ConstraintProxy$BatteryNotLowProxy"
156-->[androidx.work:work-runtime:2.9.0] AndroidManifest.xml:79:13-104
157            android:directBootAware="false"
157-->[androidx.work:work-runtime:2.9.0] AndroidManifest.xml:80:13-44
158            android:enabled="false"
158-->[androidx.work:work-runtime:2.9.0] AndroidManifest.xml:81:13-36
159            android:exported="false" >
159-->[androidx.work:work-runtime:2.9.0] AndroidManifest.xml:82:13-37
160            <intent-filter>
160-->[androidx.work:work-runtime:2.9.0] AndroidManifest.xml:84:13-87:29
161                <action android:name="android.intent.action.BATTERY_OKAY" />
161-->[androidx.work:work-runtime:2.9.0] AndroidManifest.xml:85:17-77
161-->[androidx.work:work-runtime:2.9.0] AndroidManifest.xml:85:25-74
162                <action android:name="android.intent.action.BATTERY_LOW" />
162-->[androidx.work:work-runtime:2.9.0] AndroidManifest.xml:86:17-76
162-->[androidx.work:work-runtime:2.9.0] AndroidManifest.xml:86:25-73
163            </intent-filter>
164        </receiver>
165        <receiver
165-->[androidx.work:work-runtime:2.9.0] AndroidManifest.xml:89:9-99:20
166            android:name="androidx.work.impl.background.systemalarm.ConstraintProxy$StorageNotLowProxy"
166-->[androidx.work:work-runtime:2.9.0] AndroidManifest.xml:90:13-104
167            android:directBootAware="false"
167-->[androidx.work:work-runtime:2.9.0] AndroidManifest.xml:91:13-44
168            android:enabled="false"
168-->[androidx.work:work-runtime:2.9.0] AndroidManifest.xml:92:13-36
169            android:exported="false" >
169-->[androidx.work:work-runtime:2.9.0] AndroidManifest.xml:93:13-37
170            <intent-filter>
170-->[androidx.work:work-runtime:2.9.0] AndroidManifest.xml:95:13-98:29
171                <action android:name="android.intent.action.DEVICE_STORAGE_LOW" />
171-->[androidx.work:work-runtime:2.9.0] AndroidManifest.xml:96:17-83
171-->[androidx.work:work-runtime:2.9.0] AndroidManifest.xml:96:25-80
172                <action android:name="android.intent.action.DEVICE_STORAGE_OK" />
172-->[androidx.work:work-runtime:2.9.0] AndroidManifest.xml:97:17-82
172-->[androidx.work:work-runtime:2.9.0] AndroidManifest.xml:97:25-79
173            </intent-filter>
174        </receiver>
175        <receiver
175-->[androidx.work:work-runtime:2.9.0] AndroidManifest.xml:100:9-109:20
176            android:name="androidx.work.impl.background.systemalarm.ConstraintProxy$NetworkStateProxy"
176-->[androidx.work:work-runtime:2.9.0] AndroidManifest.xml:101:13-103
177            android:directBootAware="false"
177-->[androidx.work:work-runtime:2.9.0] AndroidManifest.xml:102:13-44
178            android:enabled="false"
178-->[androidx.work:work-runtime:2.9.0] AndroidManifest.xml:103:13-36
179            android:exported="false" >
179-->[androidx.work:work-runtime:2.9.0] AndroidManifest.xml:104:13-37
180            <intent-filter>
180-->[androidx.work:work-runtime:2.9.0] AndroidManifest.xml:106:13-108:29
181                <action android:name="android.net.conn.CONNECTIVITY_CHANGE" />
181-->[androidx.work:work-runtime:2.9.0] AndroidManifest.xml:107:17-79
181-->[androidx.work:work-runtime:2.9.0] AndroidManifest.xml:107:25-76
182            </intent-filter>
183        </receiver>
184        <receiver
184-->[androidx.work:work-runtime:2.9.0] AndroidManifest.xml:110:9-121:20
185            android:name="androidx.work.impl.background.systemalarm.RescheduleReceiver"
185-->[androidx.work:work-runtime:2.9.0] AndroidManifest.xml:111:13-88
186            android:directBootAware="false"
186-->[androidx.work:work-runtime:2.9.0] AndroidManifest.xml:112:13-44
187            android:enabled="false"
187-->[androidx.work:work-runtime:2.9.0] AndroidManifest.xml:113:13-36
188            android:exported="false" >
188-->[androidx.work:work-runtime:2.9.0] AndroidManifest.xml:114:13-37
189            <intent-filter>
189-->[androidx.work:work-runtime:2.9.0] AndroidManifest.xml:116:13-120:29
190                <action android:name="android.intent.action.BOOT_COMPLETED" />
190-->src/main/AndroidManifest.xml:72:17-79
190-->src/main/AndroidManifest.xml:72:25-76
191                <action android:name="android.intent.action.TIME_SET" />
191-->[androidx.work:work-runtime:2.9.0] AndroidManifest.xml:118:17-73
191-->[androidx.work:work-runtime:2.9.0] AndroidManifest.xml:118:25-70
192                <action android:name="android.intent.action.TIMEZONE_CHANGED" />
192-->[androidx.work:work-runtime:2.9.0] AndroidManifest.xml:119:17-81
192-->[androidx.work:work-runtime:2.9.0] AndroidManifest.xml:119:25-78
193            </intent-filter>
194        </receiver>
195        <receiver
195-->[androidx.work:work-runtime:2.9.0] AndroidManifest.xml:122:9-131:20
196            android:name="androidx.work.impl.background.systemalarm.ConstraintProxyUpdateReceiver"
196-->[androidx.work:work-runtime:2.9.0] AndroidManifest.xml:123:13-99
197            android:directBootAware="false"
197-->[androidx.work:work-runtime:2.9.0] AndroidManifest.xml:124:13-44
198            android:enabled="@bool/enable_system_alarm_service_default"
198-->[androidx.work:work-runtime:2.9.0] AndroidManifest.xml:125:13-72
199            android:exported="false" >
199-->[androidx.work:work-runtime:2.9.0] AndroidManifest.xml:126:13-37
200            <intent-filter>
200-->[androidx.work:work-runtime:2.9.0] AndroidManifest.xml:128:13-130:29
201                <action android:name="androidx.work.impl.background.systemalarm.UpdateProxies" />
201-->[androidx.work:work-runtime:2.9.0] AndroidManifest.xml:129:17-98
201-->[androidx.work:work-runtime:2.9.0] AndroidManifest.xml:129:25-95
202            </intent-filter>
203        </receiver>
204        <receiver
204-->[androidx.work:work-runtime:2.9.0] AndroidManifest.xml:132:9-142:20
205            android:name="androidx.work.impl.diagnostics.DiagnosticsReceiver"
205-->[androidx.work:work-runtime:2.9.0] AndroidManifest.xml:133:13-78
206            android:directBootAware="false"
206-->[androidx.work:work-runtime:2.9.0] AndroidManifest.xml:134:13-44
207            android:enabled="true"
207-->[androidx.work:work-runtime:2.9.0] AndroidManifest.xml:135:13-35
208            android:exported="true"
208-->[androidx.work:work-runtime:2.9.0] AndroidManifest.xml:136:13-36
209            android:permission="android.permission.DUMP" >
209-->[androidx.work:work-runtime:2.9.0] AndroidManifest.xml:137:13-57
210            <intent-filter>
210-->[androidx.work:work-runtime:2.9.0] AndroidManifest.xml:139:13-141:29
211                <action android:name="androidx.work.diagnostics.REQUEST_DIAGNOSTICS" />
211-->[androidx.work:work-runtime:2.9.0] AndroidManifest.xml:140:17-88
211-->[androidx.work:work-runtime:2.9.0] AndroidManifest.xml:140:25-85
212            </intent-filter>
213        </receiver>
214
215        <uses-library
215-->[androidx.window:window:1.0.0] AndroidManifest.xml:25:9-27:40
216            android:name="androidx.window.extensions"
216-->[androidx.window:window:1.0.0] AndroidManifest.xml:26:13-54
217            android:required="false" />
217-->[androidx.window:window:1.0.0] AndroidManifest.xml:27:13-37
218        <uses-library
218-->[androidx.window:window:1.0.0] AndroidManifest.xml:28:9-30:40
219            android:name="androidx.window.sidecar"
219-->[androidx.window:window:1.0.0] AndroidManifest.xml:29:13-51
220            android:required="false" />
220-->[androidx.window:window:1.0.0] AndroidManifest.xml:30:13-37
221
222        <service
222-->[androidx.room:room-runtime:2.5.0] AndroidManifest.xml:24:9-28:63
223            android:name="androidx.room.MultiInstanceInvalidationService"
223-->[androidx.room:room-runtime:2.5.0] AndroidManifest.xml:25:13-74
224            android:directBootAware="true"
224-->[androidx.room:room-runtime:2.5.0] AndroidManifest.xml:26:13-43
225            android:exported="false" />
225-->[androidx.room:room-runtime:2.5.0] AndroidManifest.xml:27:13-37
226
227        <receiver
227-->[androidx.profileinstaller:profileinstaller:1.3.0] AndroidManifest.xml:34:9-52:20
228            android:name="androidx.profileinstaller.ProfileInstallReceiver"
228-->[androidx.profileinstaller:profileinstaller:1.3.0] AndroidManifest.xml:35:13-76
229            android:directBootAware="false"
229-->[androidx.profileinstaller:profileinstaller:1.3.0] AndroidManifest.xml:36:13-44
230            android:enabled="true"
230-->[androidx.profileinstaller:profileinstaller:1.3.0] AndroidManifest.xml:37:13-35
231            android:exported="true"
231-->[androidx.profileinstaller:profileinstaller:1.3.0] AndroidManifest.xml:38:13-36
232            android:permission="android.permission.DUMP" >
232-->[androidx.profileinstaller:profileinstaller:1.3.0] AndroidManifest.xml:39:13-57
233            <intent-filter>
233-->[androidx.profileinstaller:profileinstaller:1.3.0] AndroidManifest.xml:40:13-42:29
234                <action android:name="androidx.profileinstaller.action.INSTALL_PROFILE" />
234-->[androidx.profileinstaller:profileinstaller:1.3.0] AndroidManifest.xml:41:17-91
234-->[androidx.profileinstaller:profileinstaller:1.3.0] AndroidManifest.xml:41:25-88
235            </intent-filter>
236            <intent-filter>
236-->[androidx.profileinstaller:profileinstaller:1.3.0] AndroidManifest.xml:43:13-45:29
237                <action android:name="androidx.profileinstaller.action.SKIP_FILE" />
237-->[androidx.profileinstaller:profileinstaller:1.3.0] AndroidManifest.xml:44:17-85
237-->[androidx.profileinstaller:profileinstaller:1.3.0] AndroidManifest.xml:44:25-82
238            </intent-filter>
239            <intent-filter>
239-->[androidx.profileinstaller:profileinstaller:1.3.0] AndroidManifest.xml:46:13-48:29
240                <action android:name="androidx.profileinstaller.action.SAVE_PROFILE" />
240-->[androidx.profileinstaller:profileinstaller:1.3.0] AndroidManifest.xml:47:17-88
240-->[androidx.profileinstaller:profileinstaller:1.3.0] AndroidManifest.xml:47:25-85
241            </intent-filter>
242            <intent-filter>
242-->[androidx.profileinstaller:profileinstaller:1.3.0] AndroidManifest.xml:49:13-51:29
243                <action android:name="androidx.profileinstaller.action.BENCHMARK_OPERATION" />
243-->[androidx.profileinstaller:profileinstaller:1.3.0] AndroidManifest.xml:50:17-95
243-->[androidx.profileinstaller:profileinstaller:1.3.0] AndroidManifest.xml:50:25-92
244            </intent-filter>
245        </receiver>
246    </application>
247
248</manifest>